<?xml version="1.0" encoding="UTF-8"?>
<testng-results skipped="0" failed="0" ignored="0" total="1" passed="1">
  <reporter-output>
  </reporter-output>
  <suite name="Default suite" duration-ms="9124" started-at="2018-07-04T10:06:53Z" finished-at="2018-07-04T10:07:02Z">
    <groups>
    </groups>
    <test name="Default test" duration-ms="9124" started-at="2018-07-04T10:06:53Z" finished-at="2018-07-04T10:07:02Z">
      <class name="testCases.ExecuteTest">
        <test-method status="PASS" signature="testLogin()[pri:0, instance:testCases.ExecuteTest@475530b9]" name="testLogin" duration-ms="9076" started-at="2018-07-04T10:06:53Z" finished-at="2018-07-04T10:07:02Z">
          <reporter-output>
          </reporter-output>
        </test-method> <!-- testLogin -->
      </class> <!-- testCases.ExecuteTest -->
    </test> <!-- Default test -->
  </suite> <!-- Default suite -->
</testng-results>
